Using pre-set license
Built from '2021.1/staging' branch; Version is '2021.1.7f1 (d91830b65d9b) revision 14227504'; Using compiler version '192528614'; Build Type 'Release'
OS: 'Windows 10 Pro; OS build 19042.985; Version 2009; 64bit' Language: 'es' Physical Memory: 6075 MB
BatchMode: 1, IsHumanControllingUs: 0, StartBugReporterOnCrash: 0, Is64bit: 1, IsPro: 0

 COMMAND LINE ARGUMENTS:
C:\Program Files\Unity\Hub\Editor\2021.1.7f1\Editor\Unity.exe
-adb2
-batchMode
-noUpm
-name
AssetImportWorker0
-projectPath
C:/Users/USUARIO/Desktop/Juegos Unity/Juegos/Probando la RV
-logFile
Logs/AssetImportWorker0.log
-srvPort
57268
Successfully changed project path to: C:/Users/USUARIO/Desktop/Juegos Unity/Juegos/Probando la RV
C:/Users/USUARIO/Desktop/Juegos Unity/Juegos/Probando la RV
Using Asset Import Pipeline V2.
Refreshing native plugins compatible for Editor in 138.78 ms, found 14 plugins.
Preloading 2 native plugins for Editor in 3.55 ms.
Initialize engine version: 2021.1.7f1 (d91830b65d9b)
[Subsystems] Discovering subsystems at path C:/Program Files/Unity/Hub/Editor/2021.1.7f1/Editor/Data/Resources/UnitySubsystems
[Subsystems] Discovering subsystems at path C:/Users/USUARIO/Desktop/Juegos Unity/Juegos/Probando la RV/Assets
GfxDevice: creating device client; threaded=0; jobified=0
Direct3D:
    Version:  Direct3D 11.0 [level 11.1]
    Renderer: AMD Radeon(TM) Vega 8 Graphics (ID=0x15d8)
    Vendor:   ATI
    VRAM:     3037 MB
    Driver:   27.20.14536.3
Shader 'Universal Render Pipeline/Particles/Lit': fallback shader 'Universal Render Pipeline/Particles/SimpleLit' not found
Initialize mono
Mono path[0] = 'C:/Program Files/Unity/Hub/Editor/2021.1.7f1/Editor/Data/Managed'
Mono path[1] = 'C:/Program Files/Unity/Hub/Editor/2021.1.7f1/Editor/Data/MonoBleedingEdge/lib/mono/unityjit'
Mono config path = 'C:/Program Files/Unity/Hub/Editor/2021.1.7f1/Editor/Data/MonoBleedingEdge/etc'
Using monoOptions --debugger-agent=transport=dt_socket,embedding=1,server=y,suspend=n,address=127.0.0.1:56856
Begin MonoManager ReloadAssembly
Registering precompiled unity dll's ...
Register platform support module: C:/Program Files/Unity/Hub/Editor/2021.1.7f1/Editor/Data/PlaybackEngines/WindowsStandaloneSupport/UnityEditor.WindowsStandalone.Extensions.dll
Registered in 0.003524 seconds.
Native extension for WindowsStandalone target not found
Refreshing native plugins compatible for Editor in 97.99 ms, found 14 plugins.
Preloading 2 native plugins for Editor in 0.26 ms.
Mono: successfully reloaded assembly
- Completed reload, in  4.823 seconds
Platform modules already initialized, skipping
Registering precompiled user dll's ...
Registered in 0.035709 seconds.
Begin MonoManager ReloadAssembly
Native extension for WindowsStandalone target not found
Refreshing native plugins compatible for Editor in 383.47 ms, found 14 plugins.
Preloading 2 native plugins for Editor in 0.32 ms.
[XR] OculusXRPlugin: registering subsystems
[XR] Unable to register display lifecyle provider: [1]
[XR] Oculus Input lifecycle provider registered.
[XR] Unable to register input lifecyle provider: [1]
NullReferenceException: Object reference not set to an instance of an object
  at Unity.XR.Oculus.OculusLoader.AssetPathToAbsolutePath (System.String assetPath) [0x00048] in C:\Users\USUARIO\Desktop\Juegos Unity\Juegos\Probando la RV\Library\PackageCache\com.unity.xr.oculus@1.9.0\Runtime\OculusLoader.cs:249 
  at Unity.XR.Oculus.OculusLoader.EditorLoadOVRPlugin () [0x0007b] in C:\Users\USUARIO\Desktop\Juegos Unity\Juegos\Probando la RV\Library\PackageCache\com.unity.xr.oculus@1.9.0\Runtime\OculusLoader.cs:234 

(Filename: Library/PackageCache/com.unity.xr.oculus@1.9.0/Runtime/OculusLoader.cs Line: 249)

Mono: successfully reloaded assembly
- Completed reload, in  3.302 seconds
Platform modules already initialized, skipping
========================================================================
Worker process is ready to serve import requests
Shader 'Universal Render Pipeline/Particles/Lit': fallback shader 'Universal Render Pipeline/Particles/SimpleLit' not found
Launched and connected shader compiler UnityShaderCompiler.exe after 0.09 seconds
Refreshing native plugins compatible for Editor in 1.12 ms, found 14 plugins.
Preloading 2 native plugins for Editor in 0.31 ms.
Unloading 3818 Unused Serialized files (Serialized files now loaded: 0)
System memory in use before: 170.9 MB.
System memory in use after: 171.0 MB.

Unloading 29 unused Assets to reduce memory usage. Loaded Objects now: 4285.
Total: 3.835700 ms (FindLiveObjects: 0.420500 ms CreateObjectMapping: 0.122300 ms MarkObjects: 3.185500 ms  DeleteObjects: 0.104900 ms)

========================================================================
Received Import Request.
  path: Assets/Scripts/HandPresence.cs
  artifactKey: Guid(88e0581ef08f24947b92aa17cc248440) Importer(815301076,1909f56bfc062723c751e8b465ee728b)
Start importing Assets/Scripts/HandPresence.cs using Guid(88e0581ef08f24947b92aa17cc248440) Importer(815301076,1909f56bfc062723c751e8b465ee728b)  -> (artifact id: 'd2a4192a62e5b3d045424310eed9fb4e') in 0.043979 seconds 
========================================================================
Received Import Request.
  Time since last request: 0.000607 seconds.
  path: Assets/Scripts
  artifactKey: Guid(02a3527b6b33a924e8ec66aa805ea717) Importer(815301076,1909f56bfc062723c751e8b465ee728b)
Start importing Assets/Scripts using Guid(02a3527b6b33a924e8ec66aa805ea717) Importer(815301076,1909f56bfc062723c751e8b465ee728b)  -> (artifact id: 'f0a913a0049096cde5d6a727232f232f') in 0.010570 seconds 
========================================================================
Received Import Request.
  Time since last request: 346.693911 seconds.
  path: Assets/Scripts/HandPresence.cs
  artifactKey: Guid(88e0581ef08f24947b92aa17cc248440) Importer(815301076,1909f56bfc062723c751e8b465ee728b)
Start importing Assets/Scripts/HandPresence.cs using Guid(88e0581ef08f24947b92aa17cc248440) Importer(815301076,1909f56bfc062723c751e8b465ee728b)  -> (artifact id: '317508a54fa8aa921afdbd08522e3307') in 0.009514 seconds 
========================================================================
Received Prepare
Registering precompiled user dll's ...
Registered in 0.133940 seconds.
Begin MonoManager ReloadAssembly
Native extension for WindowsStandalone target not found
Refreshing native plugins compatible for Editor in 1.21 ms, found 14 plugins.
Preloading 2 native plugins for Editor in 0.33 ms.
NullReferenceException: Object reference not set to an instance of an object
  at Unity.XR.Oculus.OculusLoader.AssetPathToAbsolutePath (System.String assetPath) [0x00048] in C:\Users\USUARIO\Desktop\Juegos Unity\Juegos\Probando la RV\Library\PackageCache\com.unity.xr.oculus@1.9.0\Runtime\OculusLoader.cs:249 
  at Unity.XR.Oculus.OculusLoader.EditorLoadOVRPlugin () [0x0007b] in C:\Users\USUARIO\Desktop\Juegos Unity\Juegos\Probando la RV\Library\PackageCache\com.unity.xr.oculus@1.9.0\Runtime\OculusLoader.cs:234 

(Filename: Library/PackageCache/com.unity.xr.oculus@1.9.0/Runtime/OculusLoader.cs Line: 249)

Mono: successfully reloaded assembly
- Completed reload, in  1.541 seconds
Platform modules already initialized, skipping
Switching build target platform(19) subTarget(0) extendedPlatform(0) -> platform(13) subTarget(524294) extendedPlatform(0)
Shader 'Universal Render Pipeline/Particles/Lit': fallback shader 'Universal Render Pipeline/Particles/SimpleLit' not found
Refreshing native plugins compatible for Editor in 1.11 ms, found 14 plugins.
Preloading 2 native plugins for Editor in 0.23 ms.
Unloading 3664 Unused Serialized files (Serialized files now loaded: 0)
System memory in use before: 158.7 MB.
System memory in use after: 159.0 MB.

Unloading 22 unused Assets to reduce memory usage. Loaded Objects now: 4289.
Total: 4.250500 ms (FindLiveObjects: 0.602100 ms CreateObjectMapping: 0.175000 ms MarkObjects: 3.444500 ms  DeleteObjects: 0.026700 ms)

AssetImportParameters requested are different than current active one (requested -> active):
  custom:graphics/normal-map-encoding: 01000000000000000000000000000000 -> 02000000000000000000000000000000
========================================================================
Received Import Request.
  Time since last request: 126.031565 seconds.
  path: Assets/Scripts/CharacterFollowHeadset.cs
  artifactKey: Guid(e39c3e4103c01c44199230e44af7ea7c) Importer(815301076,1909f56bfc062723c751e8b465ee728b)
Start importing Assets/Scripts/CharacterFollowHeadset.cs using Guid(e39c3e4103c01c44199230e44af7ea7c) Importer(815301076,1909f56bfc062723c751e8b465ee728b)  -> (artifact id: '8907b7a8d4af10027d08f069de22d5b7') in 0.019078 seconds 
========================================================================
Received Import Request.
  Time since last request: 121.585130 seconds.
  path: Assets/Prefabs/XRBody.prefab
  artifactKey: Guid(6e7b211a32e93bf488e1f46a18e690f3) Importer(815301076,1909f56bfc062723c751e8b465ee728b)
Start importing Assets/Prefabs/XRBody.prefab using Guid(6e7b211a32e93bf488e1f46a18e690f3) Importer(815301076,1909f56bfc062723c751e8b465ee728b)  -> (artifact id: 'bef18e2faaea7861f7d8f5d072cd9c7d') in 0.965754 seconds 
========================================================================
Received Import Request.
  Time since last request: 10.027121 seconds.
  path: Assets/Prefabs/Right Hand Presence.prefab
  artifactKey: Guid(7c13dc8e14e3f8d449926efeb8ed6775) Importer(815301076,1909f56bfc062723c751e8b465ee728b)
Start importing Assets/Prefabs/Right Hand Presence.prefab using Guid(7c13dc8e14e3f8d449926efeb8ed6775) Importer(815301076,1909f56bfc062723c751e8b465ee728b)  -> (artifact id: '9ef4759e06ad6f6b0abb73d722394cc7') in 0.033713 seconds 
========================================================================
Received Import Request.
  Time since last request: 6.676910 seconds.
  path: Assets/Prefabs/Left Hand Presence.prefab
  artifactKey: Guid(3c9ee371261319445afbf78d56b5c9fa) Importer(815301076,1909f56bfc062723c751e8b465ee728b)
Start importing Assets/Prefabs/Left Hand Presence.prefab using Guid(3c9ee371261319445afbf78d56b5c9fa) Importer(815301076,1909f56bfc062723c751e8b465ee728b)  -> (artifact id: '88a3c5616425a9849bc2efe90be18c82') in 0.033773 seconds 
========================================================================
Received Prepare
Registering precompiled user dll's ...
Registered in 0.077019 seconds.
Begin MonoManager ReloadAssembly
Native extension for WindowsStandalone target not found
Refreshing native plugins compatible for Editor in 1.39 ms, found 14 plugins.
Preloading 2 native plugins for Editor in 0.36 ms.
NullReferenceException: Object reference not set to an instance of an object
  at Unity.XR.Oculus.OculusLoader.AssetPathToAbsolutePath (System.String assetPath) [0x00048] in C:\Users\USUARIO\Desktop\Juegos Unity\Juegos\Probando la RV\Library\PackageCache\com.unity.xr.oculus@1.9.0\Runtime\OculusLoader.cs:249 
  at Unity.XR.Oculus.OculusLoader.EditorLoadOVRPlugin () [0x0007b] in C:\Users\USUARIO\Desktop\Juegos Unity\Juegos\Probando la RV\Library\PackageCache\com.unity.xr.oculus@1.9.0\Runtime\OculusLoader.cs:234 

(Filename: Library/PackageCache/com.unity.xr.oculus@1.9.0/Runtime/OculusLoader.cs Line: 249)

Mono: successfully reloaded assembly
- Completed reload, in  1.783 seconds
Platform modules already initialized, skipping
Switching build target platform(19) subTarget(0) extendedPlatform(0) -> platform(13) subTarget(524294) extendedPlatform(0)
Shader 'Universal Render Pipeline/Particles/Lit': fallback shader 'Universal Render Pipeline/Particles/SimpleLit' not found
Refreshing native plugins compatible for Editor in 1.13 ms, found 14 plugins.
Preloading 2 native plugins for Editor in 0.28 ms.
Unloading 3664 Unused Serialized files (Serialized files now loaded: 0)
System memory in use before: 161.3 MB.
System memory in use after: 161.5 MB.

Unloading 24 unused Assets to reduce memory usage. Loaded Objects now: 4338.
Total: 3.985800 ms (FindLiveObjects: 0.368300 ms CreateObjectMapping: 0.102000 ms MarkObjects: 3.441400 ms  DeleteObjects: 0.072400 ms)

AssetImportParameters requested are different than current active one (requested -> active):
  custom:graphics/normal-map-encoding: 01000000000000000000000000000000 -> 02000000000000000000000000000000
========================================================================
Received Import Request.
  Time since last request: 8958.937957 seconds.
  path: Assets/Prefabs/Ground.prefab
  artifactKey: Guid(03f6b31d600b04345bccd40fe688bd12) Importer(815301076,1909f56bfc062723c751e8b465ee728b)
Start importing Assets/Prefabs/Ground.prefab using Guid(03f6b31d600b04345bccd40fe688bd12) Importer(815301076,1909f56bfc062723c751e8b465ee728b)  -> (artifact id: '12ab04e4d1c7b1ef275eeade05891452') in 1.372117 seconds 
========================================================================
Received Import Request.
  Time since last request: 104.608887 seconds.
  path: Assets/Prefabs/XRBody.prefab
  artifactKey: Guid(6e7b211a32e93bf488e1f46a18e690f3) Importer(815301076,1909f56bfc062723c751e8b465ee728b)
Start importing Assets/Prefabs/XRBody.prefab using Guid(6e7b211a32e93bf488e1f46a18e690f3) Importer(815301076,1909f56bfc062723c751e8b465ee728b)  -> (artifact id: 'd216196a7ee9143f394821de2869cc49') in 0.206928 seconds 
========================================================================
Received Prepare
Registering precompiled user dll's ...
Registered in 0.336740 seconds.
Begin MonoManager ReloadAssembly
Native extension for WindowsStandalone target not found
Refreshing native plugins compatible for Editor in 4.72 ms, found 14 plugins.
Preloading 2 native plugins for Editor in 3.69 ms.
NullReferenceException: Object reference not set to an instance of an object
  at Unity.XR.Oculus.OculusLoader.AssetPathToAbsolutePath (System.String assetPath) [0x00048] in C:\Users\USUARIO\Desktop\Juegos Unity\Juegos\Probando la RV\Library\PackageCache\com.unity.xr.oculus@1.9.0\Runtime\OculusLoader.cs:249 
  at Unity.XR.Oculus.OculusLoader.EditorLoadOVRPlugin () [0x0007b] in C:\Users\USUARIO\Desktop\Juegos Unity\Juegos\Probando la RV\Library\PackageCache\com.unity.xr.oculus@1.9.0\Runtime\OculusLoader.cs:234 

(Filename: Library/PackageCache/com.unity.xr.oculus@1.9.0/Runtime/OculusLoader.cs Line: 249)

Mono: successfully reloaded assembly
- Completed reload, in  3.493 seconds
Platform modules already initialized, skipping
Switching build target platform(19) subTarget(0) extendedPlatform(0) -> platform(13) subTarget(524294) extendedPlatform(0)
Shader 'Universal Render Pipeline/Particles/Lit': fallback shader 'Universal Render Pipeline/Particles/SimpleLit' not found
Refreshing native plugins compatible for Editor in 2.71 ms, found 14 plugins.
Preloading 2 native plugins for Editor in 0.68 ms.
Unloading 3664 Unused Serialized files (Serialized files now loaded: 0)
System memory in use before: 161.4 MB.
System memory in use after: 161.7 MB.

Unloading 24 unused Assets to reduce memory usage. Loaded Objects now: 4379.
Total: 10.951700 ms (FindLiveObjects: 1.050300 ms CreateObjectMapping: 0.207300 ms MarkObjects: 7.841900 ms  DeleteObjects: 1.846300 ms)

AssetImportParameters requested are different than current active one (requested -> active):
  custom:graphics/normal-map-encoding: 01000000000000000000000000000000 -> 02000000000000000000000000000000
========================================================================
Received Prepare
Registering precompiled user dll's ...
Registered in 0.063498 seconds.
Begin MonoManager ReloadAssembly
Native extension for WindowsStandalone target not found
Refreshing native plugins compatible for Editor in 1.13 ms, found 14 plugins.
Preloading 2 native plugins for Editor in 0.30 ms.
NullReferenceException: Object reference not set to an instance of an object
  at Unity.XR.Oculus.OculusLoader.AssetPathToAbsolutePath (System.String assetPath) [0x00048] in C:\Users\USUARIO\Desktop\Juegos Unity\Juegos\Probando la RV\Library\PackageCache\com.unity.xr.oculus@1.9.0\Runtime\OculusLoader.cs:249 
  at Unity.XR.Oculus.OculusLoader.EditorLoadOVRPlugin () [0x0007b] in C:\Users\USUARIO\Desktop\Juegos Unity\Juegos\Probando la RV\Library\PackageCache\com.unity.xr.oculus@1.9.0\Runtime\OculusLoader.cs:234 

(Filename: Library/PackageCache/com.unity.xr.oculus@1.9.0/Runtime/OculusLoader.cs Line: 249)

Mono: successfully reloaded assembly
- Completed reload, in  1.990 seconds
Platform modules already initialized, skipping
Switching build target platform(19) subTarget(0) extendedPlatform(0) -> platform(13) subTarget(524294) extendedPlatform(0)
Shader 'Universal Render Pipeline/Particles/Lit': fallback shader 'Universal Render Pipeline/Particles/SimpleLit' not found
Refreshing native plugins compatible for Editor in 1.12 ms, found 14 plugins.
Preloading 2 native plugins for Editor in 0.28 ms.
Unloading 3664 Unused Serialized files (Serialized files now loaded: 0)
System memory in use before: 161.4 MB.
System memory in use after: 161.7 MB.

Unloading 22 unused Assets to reduce memory usage. Loaded Objects now: 4383.
Total: 5.344800 ms (FindLiveObjects: 0.822000 ms CreateObjectMapping: 0.348600 ms MarkObjects: 4.145500 ms  DeleteObjects: 0.026900 ms)

AssetImportParameters requested are different than current active one (requested -> active):
  custom:graphics/normal-map-encoding: 01000000000000000000000000000000 -> 02000000000000000000000000000000
========================================================================
Received Prepare
Registering precompiled user dll's ...
Registered in 0.093521 seconds.
Begin MonoManager ReloadAssembly
Native extension for WindowsStandalone target not found
Refreshing native plugins compatible for Editor in 1.44 ms, found 14 plugins.
Preloading 2 native plugins for Editor in 0.40 ms.
NullReferenceException: Object reference not set to an instance of an object
  at Unity.XR.Oculus.OculusLoader.AssetPathToAbsolutePath (System.String assetPath) [0x00048] in C:\Users\USUARIO\Desktop\Juegos Unity\Juegos\Probando la RV\Library\PackageCache\com.unity.xr.oculus@1.9.0\Runtime\OculusLoader.cs:249 
  at Unity.XR.Oculus.OculusLoader.EditorLoadOVRPlugin () [0x0007b] in C:\Users\USUARIO\Desktop\Juegos Unity\Juegos\Probando la RV\Library\PackageCache\com.unity.xr.oculus@1.9.0\Runtime\OculusLoader.cs:234 

(Filename: Library/PackageCache/com.unity.xr.oculus@1.9.0/Runtime/OculusLoader.cs Line: 249)

Mono: successfully reloaded assembly
- Completed reload, in  1.696 seconds
Platform modules already initialized, skipping
Switching build target platform(19) subTarget(0) extendedPlatform(0) -> platform(13) subTarget(524294) extendedPlatform(0)
Shader 'Universal Render Pipeline/Particles/Lit': fallback shader 'Universal Render Pipeline/Particles/SimpleLit' not found
Refreshing native plugins compatible for Editor in 5.83 ms, found 14 plugins.
Preloading 2 native plugins for Editor in 0.61 ms.
Unloading 3664 Unused Serialized files (Serialized files now loaded: 0)
System memory in use before: 161.4 MB.
System memory in use after: 161.6 MB.

Unloading 22 unused Assets to reduce memory usage. Loaded Objects now: 4387.
Total: 15.122700 ms (FindLiveObjects: 1.595900 ms CreateObjectMapping: 1.218600 ms MarkObjects: 11.930100 ms  DeleteObjects: 0.370400 ms)

AssetImportParameters requested are different than current active one (requested -> active):
  custom:graphics/normal-map-encoding: 01000000000000000000000000000000 -> 02000000000000000000000000000000
========================================================================
Received Prepare
Registering precompiled user dll's ...
Registered in 0.070018 seconds.
Begin MonoManager ReloadAssembly
Native extension for WindowsStandalone target not found
Refreshing native plugins compatible for Editor in 1.31 ms, found 14 plugins.
Preloading 2 native plugins for Editor in 0.56 ms.
NullReferenceException: Object reference not set to an instance of an object
  at Unity.XR.Oculus.OculusLoader.AssetPathToAbsolutePath (System.String assetPath) [0x00048] in C:\Users\USUARIO\Desktop\Juegos Unity\Juegos\Probando la RV\Library\PackageCache\com.unity.xr.oculus@1.9.0\Runtime\OculusLoader.cs:249 
  at Unity.XR.Oculus.OculusLoader.EditorLoadOVRPlugin () [0x0007b] in C:\Users\USUARIO\Desktop\Juegos Unity\Juegos\Probando la RV\Library\PackageCache\com.unity.xr.oculus@1.9.0\Runtime\OculusLoader.cs:234 

(Filename: Library/PackageCache/com.unity.xr.oculus@1.9.0/Runtime/OculusLoader.cs Line: 249)

Mono: successfully reloaded assembly
- Completed reload, in  1.953 seconds
Platform modules already initialized, skipping
Switching build target platform(19) subTarget(0) extendedPlatform(0) -> platform(13) subTarget(524294) extendedPlatform(0)
Shader 'Universal Render Pipeline/Particles/Lit': fallback shader 'Universal Render Pipeline/Particles/SimpleLit' not found
Refreshing native plugins compatible for Editor in 1.10 ms, found 14 plugins.
Preloading 2 native plugins for Editor in 0.28 ms.
Unloading 3664 Unused Serialized files (Serialized files now loaded: 0)
System memory in use before: 161.4 MB.
System memory in use after: 161.6 MB.

Unloading 22 unused Assets to reduce memory usage. Loaded Objects now: 4391.
Total: 5.131000 ms (FindLiveObjects: 0.414500 ms CreateObjectMapping: 0.146200 ms MarkObjects: 4.533400 ms  DeleteObjects: 0.034100 ms)

AssetImportParameters requested are different than current active one (requested -> active):
  custom:graphics/normal-map-encoding: 01000000000000000000000000000000 -> 02000000000000000000000000000000
========================================================================
Received Prepare
Registering precompiled user dll's ...
Registered in 0.019202 seconds.
Begin MonoManager ReloadAssembly
Native extension for WindowsStandalone target not found
Refreshing native plugins compatible for Editor in 1.49 ms, found 14 plugins.
Preloading 2 native plugins for Editor in 0.21 ms.
NullReferenceException: Object reference not set to an instance of an object
  at Unity.XR.Oculus.OculusLoader.AssetPathToAbsolutePath (System.String assetPath) [0x00048] in C:\Users\USUARIO\Desktop\Juegos Unity\Juegos\Probando la RV\Library\PackageCache\com.unity.xr.oculus@1.9.0\Runtime\OculusLoader.cs:249 
  at Unity.XR.Oculus.OculusLoader.EditorLoadOVRPlugin () [0x0007b] in C:\Users\USUARIO\Desktop\Juegos Unity\Juegos\Probando la RV\Library\PackageCache\com.unity.xr.oculus@1.9.0\Runtime\OculusLoader.cs:234 

(Filename: Library/PackageCache/com.unity.xr.oculus@1.9.0/Runtime/OculusLoader.cs Line: 249)

Mono: successfully reloaded assembly
- Completed reload, in  1.591 seconds
Platform modules already initialized, skipping
Switching build target platform(19) subTarget(0) extendedPlatform(0) -> platform(13) subTarget(524294) extendedPlatform(0)
Shader 'Universal Render Pipeline/Particles/Lit': fallback shader 'Universal Render Pipeline/Particles/SimpleLit' not found
Refreshing native plugins compatible for Editor in 1.14 ms, found 14 plugins.
Preloading 2 native plugins for Editor in 0.28 ms.
Unloading 3664 Unused Serialized files (Serialized files now loaded: 0)
System memory in use before: 161.4 MB.
System memory in use after: 161.6 MB.

Unloading 22 unused Assets to reduce memory usage. Loaded Objects now: 4395.
Total: 4.381800 ms (FindLiveObjects: 0.374600 ms CreateObjectMapping: 0.102800 ms MarkObjects: 3.874100 ms  DeleteObjects: 0.028500 ms)

AssetImportParameters requested are different than current active one (requested -> active):
  custom:graphics/normal-map-encoding: 01000000000000000000000000000000 -> 02000000000000000000000000000000
AssetImportWorkerClient::OnTransportError - code=2 error=End of file
